[21:12:21] [Client thread/INFO]: Setting user: Player671
[21:12:21] [Client thread/INFO]: (Session ID is token:0:Player671)
[21:12:21] [Client thread/INFO]: [OptiFine] *** Reflector Forge ***
[21:12:21] [Client thread/INFO]: [OptiFine] *** Reflector Vanilla ***
[21:12:21] [Client thread/INFO]: [OptiFine] (Reflector) Class not present: net.minecraftforge.fml.common.eventhandler.Event$Result
[21:12:21] [Client thread/INFO]: [OptiFine] (Reflector) Class not present: net.minecraft.launchwrapper.Launch
[21:12:21] [Client thread/INFO]: LWJGL Version: 2.9.4
[21:12:21] [Client thread/INFO]: [OptiFine] 
[21:12:21] [Client thread/INFO]: [OptiFine] OptiFine_1.8.9_HD_U_M6_pre2
[21:12:21] [Client thread/INFO]: [OptiFine] Build: null
[21:12:21] [Client thread/INFO]: [OptiFine] OS: Windows 10 (amd64) version 10.0
[21:12:21] [Client thread/INFO]: [OptiFine] Java: 17.0.2, Eclipse Adoptium
[21:12:21] [Client thread/INFO]: [OptiFine] VM: OpenJDK 64-Bit Server VM (mixed mode), Eclipse Adoptium
[21:12:21] [Client thread/INFO]: [OptiFine] LWJGL: 2.9.4
[21:12:21] [Client thread/INFO]: [OptiFine] OpenGL: NVIDIA GeForce RTX 3070 Ti/PCIe/SSE2, version 4.6.0 NVIDIA 512.59, NVIDIA Corporation
[21:12:21] [Client thread/INFO]: [OptiFine] OpenGL Version: 4.6.0
[21:12:21] [Client thread/INFO]: [OptiFine] Maximum texture size: 32768x32768
[21:12:21] [VersionCheck/INFO]: [OptiFine] Checking for new version
[21:12:21] [Client thread/INFO]: [Shaders] OpenGL Version: 4.6.0 NVIDIA 512.59
[21:12:21] [Client thread/INFO]: [Shaders] Vendor:  NVIDIA Corporation
[21:12:21] [Client thread/INFO]: [Shaders] Renderer: NVIDIA GeForce RTX 3070 Ti/PCIe/SSE2
[21:12:21] [Client thread/INFO]: [Shaders] Capabilities:  2.0  2.1  3.0  3.2  4.0 
[21:12:21] [Client thread/INFO]: [Shaders] GL_MAX_DRAW_BUFFERS: 8
[21:12:21] [Client thread/INFO]: [Shaders] GL_MAX_COLOR_ATTACHMENTS_EXT: 8
[21:12:21] [Client thread/INFO]: [Shaders] GL_MAX_TEXTURE_IMAGE_UNITS: 32
[21:12:21] [Client thread/INFO]: [Shaders] Load shaders configuration.
[21:12:21] [Client thread/INFO]: [Shaders] Save shaders configuration.
[21:12:21] [Client thread/INFO]: [Shaders] No shaderpack loaded.
[21:12:21] [Client thread/INFO]: [OptiFine] (Reflector) Class not present: net.minecraftforge.fml.common.Loader
[21:12:22] [Client thread/INFO]: [OptiFine] (Reflector) Class not present: net.minecraftforge.fml.client.SplashProgress
[21:12:22] [Client thread/INFO]: Reloading ResourceManager: Default
[21:12:22] [Client thread/INFO]: [OptiFine] (Reflector) Class not present: optifine.OptiFineClassTransformer
[21:12:22] [Client thread/INFO]: [OptiFine] *** Reloading textures ***
[21:12:22] [Client thread/INFO]: [OptiFine] Resource packs: Default
[21:12:22] [Client thread/INFO]: [OptiFine] (Reflector) Class not present: net.minecraftforge.client.model.Attributes
[21:12:22] [Client thread/INFO]: [OptiFine] (Reflector) Method not present: net.minecraft.client.renderer.vertex.VertexFormatElement$EnumUsage.preDraw
[21:12:22] [Client thread/INFO]: [OptiFine] (Reflector) Method not present: net.minecraft.client.renderer.vertex.VertexFormatElement$EnumUsage.postDraw
[21:12:22] [Sound Library Loader/INFO]: Starting up SoundSystem...
[21:12:22] [VersionCheck/INFO]: [OptiFine] Version found: M5
[21:12:22] [Thread-5/INFO]: Initializing LWJGL OpenAL
[21:12:22] [Thread-5/INFO]: (The LWJGL binding of OpenAL.  For more information, see http://www.lwjgl.org)
[21:12:22] [Thread-5/INFO]: OpenAL initialized.
